# JRE version: Java(TM) SE Runtime Environment (8.0_121-b13) (build 1.8.0_121-b13)
# Java VM: Java HotSpot(TM) 64-Bit Server VM (25.121-b13 mixed mode windows-amd64 compressed oops)
Heap:
 PSYoungGen      total 99328K, used 6602K [0x00000000e0000000, 0x00000000e9100000, 0x0000000100000000)
  eden space 89088K, 7% used [0x00000000e0000000,0x00000000e0672870,0x00000000e5700000)
  from space 10240K, 0% used [0x00000000e5700000,0x00000000e5700000,0x00000000e6100000)
  to   space 12288K, 0% used [0x00000000e8500000,0x00000000e8500000,0x00000000e9100000)
 ParOldGen       total 64000K, used 17879K [0x00000000a0000000, 0x00000000a3e80000, 0x00000000e0000000)
  object space 64000K, 27% used [0x00000000a0000000,0x00000000a1175c38,0x00000000a3e80000)
 Metaspace       used 35225K, capacity 35834K, committed 36224K, reserved 1081344K
  class space    used 4809K, capacity 4980K, committed 4992K, reserved 1048576K
GC Heap History (10 events):
Event: 4.008 GC heap before
{Heap before GC invocations=5 (full 1):
 PSYoungGen      total 67072K, used 5099K [0x00000000e0000000, 0x00000000e4b00000, 0x0000000100000000)
  eden space 61952K, 0% used [0x00000000e0000000,0x00000000e0000000,0x00000000e3c80000)
  from space 5120K, 99% used [0x00000000e4180000,0x00000000e467afe0,0x00000000e4680000)
  to   space 5120K, 0% used [0x00000000e3c80000,0x00000000e3c80000,0x00000000e4180000)
 ParOldGen       total 87552K, used 8127K [0x00000000a0000000, 0x00000000a5580000, 0x00000000e0000000)
  object space 87552K, 9% used [0x00000000a0000000,0x00000000a07efe60,0x00000000a5580000)
 Metaspace       used 20875K, capacity 21164K, committed 21296K, reserved 1067008K
  class space    used 2840K, capacity 2936K, committed 2944K, reserved 1048576K
Event: 4.059 GC heap after
Heap after GC invocations=5 (full 1):
 PSYoungGen      total 67072K, used 0K [0x00000000e0000000, 0x00000000e4b00000, 0x0000000100000000)
  eden space 61952K, 0% used [0x00000000e0000000,0x00000000e0000000,0x00000000e3c80000)
  from space 5120K, 0% used [0x00000000e4180000,0x00000000e4180000,0x00000000e4680000)
  to   space 5120K, 0% used [0x00000000e3c80000,0x00000000e3c80000,0x00000000e4180000)
 ParOldGen       total 64000K, used 8937K [0x00000000a0000000, 0x00000000a3e80000, 0x00000000e0000000)
  object space 64000K, 13% used [0x00000000a0000000,0x00000000a08ba698,0x00000000a3e80000)
 Metaspace       used 20875K, capacity 21164K, committed 21296K, reserved 1067008K
  class space    used 2840K, capacity 2936K, committed 2944K, reserved 1048576K
}
Event: 5.042 GC heap before
{Heap before GC invocations=6 (full 1):
 PSYoungGen      total 67072K, used 61952K [0x00000000e0000000, 0x00000000e4b00000, 0x0000000100000000)
  eden space 61952K, 100% used [0x00000000e0000000,0x00000000e3c80000,0x00000000e3c80000)
  from space 5120K, 0% used [0x00000000e4180000,0x00000000e4180000,0x00000000e4680000)
  to   space 5120K, 0% used [0x00000000e3c80000,0x00000000e3c80000,0x00000000e4180000)
 ParOldGen       total 64000K, used 8937K [0x00000000a0000000, 0x00000000a3e80000, 0x00000000e0000000)
  object space 64000K, 13% used [0x00000000a0000000,0x00000000a08ba698,0x00000000a3e80000)
 Metaspace       used 25898K, capacity 26336K, committed 26624K, reserved 1073152K
  class space    used 3645K, capacity 3796K, committed 3840K, reserved 1048576K
Event: 5.047 GC heap after
Heap after GC invocations=6 (full 1):
 PSYoungGen      total 67072K, used 5104K [0x00000000e0000000, 0x00000000e6e80000, 0x0000000100000000)
  eden space 61952K, 0% used [0x00000000e0000000,0x00000000e0000000,0x00000000e3c80000)
  from space 5120K, 99% used [0x00000000e3c80000,0x00000000e417c2a8,0x00000000e4180000)
  to   space 10752K, 0% used [0x00000000e6400000,0x00000000e6400000,0x00000000e6e80000)
 ParOldGen       total 64000K, used 11458K [0x00000000a0000000, 0x00000000a3e80000, 0x00000000e0000000)
  object space 64000K, 17% used [0x00000000a0000000,0x00000000a0b30948,0x00000000a3e80000)
 Metaspace       used 25898K, capacity 26336K, committed 26624K, reserved 1073152K
  class space    used 3645K, capacity 3796K, committed 3840K, reserved 1048576K
}
Event: 6.180 GC heap before
{Heap before GC invocations=7 (full 1):
 PSYoungGen      total 67072K, used 67056K [0x00000000e0000000, 0x00000000e6e80000, 0x0000000100000000)
  eden space 61952K, 100% used [0x00000000e0000000,0x00000000e3c80000,0x00000000e3c80000)
  from space 5120K, 99% used [0x00000000e3c80000,0x00000000e417c2a8,0x00000000e4180000)
  to   space 10752K, 0% used [0x00000000e6400000,0x00000000e6400000,0x00000000e6e80000)
 ParOldGen       total 64000K, used 11458K [0x00000000a0000000, 0x00000000a3e80000, 0x00000000e0000000)
  object space 64000K, 17% used [0x00000000a0000000,0x00000000a0b30948,0x00000000a3e80000)
 Metaspace       used 29105K, capacity 29504K, committed 29824K, reserved 1075200K
  class space    used 4029K, capacity 4148K, committed 4224K, reserved 1048576K
Event: 6.186 GC heap after
Heap after GC invocations=7 (full 1):
 PSYoungGen      total 96256K, used 5884K [0x00000000e0000000, 0x00000000e6b00000, 0x0000000100000000)
  eden space 89088K, 0% used [0x00000000e0000000,0x00000000e0000000,0x00000000e5700000)
  from space 7168K, 82% used [0x00000000e6400000,0x00000000e69bf3e0,0x00000000e6b00000)
  to   space 10240K, 0% used [0x00000000e5700000,0x00000000e5700000,0x00000000e6100000)
 ParOldGen       total 64000K, used 11538K [0x00000000a0000000, 0x00000000a3e80000, 0x00000000e0000000)
  object space 64000K, 18% used [0x00000000a0000000,0x00000000a0b44958,0x00000000a3e80000)
 Metaspace       used 29105K, capacity 29504K, committed 29824K, reserved 1075200K
  class space    used 4029K, capacity 4148K, committed 4224K, reserved 1048576K
}
Event: 9.153 GC heap before
{Heap before GC invocations=8 (full 1):
 PSYoungGen      total 96256K, used 81573K [0x00000000e0000000, 0x00000000e6b00000, 0x0000000100000000)
  eden space 89088K, 84% used [0x00000000e0000000,0x00000000e49ea138,0x00000000e5700000)
  from space 7168K, 82% used [0x00000000e6400000,0x00000000e69bf3e0,0x00000000e6b00000)
  to   space 10240K, 0% used [0x00000000e5700000,0x00000000e5700000,0x00000000e6100000)
 ParOldGen       total 64000K, used 11538K [0x00000000a0000000, 0x00000000a3e80000, 0x00000000e0000000)
  object space 64000K, 18% used [0x00000000a0000000,0x00000000a0b44958,0x00000000a3e80000)
 Metaspace       used 34618K, capacity 35196K, committed 35456K, reserved 1079296K
  class space    used 4726K, capacity 4879K, committed 4992K, reserved 1048576K
Event: 9.163 GC heap after
Heap after GC invocations=8 (full 1):
 PSYoungGen      total 99328K, used 10215K [0x00000000e0000000, 0x00000000e9100000, 0x0000000100000000)
  eden space 89088K, 0% used [0x00000000e0000000,0x00000000e0000000,0x00000000e5700000)
  from space 10240K, 99% used [0x00000000e5700000,0x00000000e60f9dd0,0x00000000e6100000)
  to   space 12288K, 0% used [0x00000000e8500000,0x00000000e8500000,0x00000000e9100000)
 ParOldGen       total 64000K, used 12997K [0x00000000a0000000, 0x00000000a3e80000, 0x00000000e0000000)
  object space 64000K, 20% used [0x00000000a0000000,0x00000000a0cb15f8,0x00000000a3e80000)
 Metaspace       used 34618K, capacity 35196K, committed 35456K, reserved 1079296K
  class space    used 4726K, capacity 4879K, committed 4992K, reserved 1048576K
}
Event: 9.163 GC heap before
{Heap before GC invocations=9 (full 2):
 PSYoungGen      total 99328K, used 10215K [0x00000000e0000000, 0x00000000e9100000, 0x0000000100000000)
  eden space 89088K, 0% used [0x00000000e0000000,0x00000000e0000000,0x00000000e5700000)
  from space 10240K, 99% used [0x00000000e5700000,0x00000000e60f9dd0,0x00000000e6100000)
  to   space 12288K, 0% used [0x00000000e8500000,0x00000000e8500000,0x00000000e9100000)
 ParOldGen       total 64000K, used 12997K [0x00000000a0000000, 0x00000000a3e80000, 0x00000000e0000000)
  object space 64000K, 20% used [0x00000000a0000000,0x00000000a0cb15f8,0x00000000a3e80000)
 Metaspace       used 34618K, capacity 35196K, committed 35456K, reserved 1079296K
  class space    used 4726K, capacity 4879K, committed 4992K, reserved 1048576K
Event: 9.222 GC heap after
Heap after GC invocations=9 (full 2):
 PSYoungGen      total 99328K, used 0K [0x00000000e0000000, 0x00000000e9100000, 0x0000000100000000)
  eden space 89088K, 0% used [0x00000000e0000000,0x00000000e0000000,0x00000000e5700000)
  from space 10240K, 0% used [0x00000000e5700000,0x00000000e5700000,0x00000000e6100000)
  to   space 12288K, 0% used [0x00000000e8500000,0x00000000e8500000,0x00000000e9100000)
 ParOldGen       total 64000K, used 17879K [0x00000000a0000000, 0x00000000a3e80000, 0x00000000e0000000)
  object space 64000K, 27% used [0x00000000a0000000,0x00000000a1175c38,0x00000000a3e80000)
 Metaspace       used 34618K, capacity 35196K, committed 35456K, reserved 1079296K
  class space    used 4726K, capacity 4879K, committed 4992K, reserved 1048576K
}

