# JRE version: Java(TM) SE Runtime Environment (8.0_121-b13) (build 1.8.0_121-b13)
# Java VM: Java HotSpot(TM) 64-Bit Server VM (25.121-b13 mixed mode windows-amd64 compressed oops)
Heap:
 PSYoungGen      total 91136K, used 87788K [0x00000000e0000000, 0x00000000e7600000, 0x0000000100000000)
  eden space 79872K, 98% used [0x00000000e0000000,0x00000000e4d11c00,0x00000000e4e00000)
  from space 11264K, 78% used [0x00000000e4e00000,0x00000000e56a95d0,0x00000000e5900000)
  to   space 11264K, 0% used [0x00000000e6b00000,0x00000000e6b00000,0x00000000e7600000)
 ParOldGen       total 101888K, used 14896K [0x00000000a0000000, 0x00000000a6380000, 0x00000000e0000000)
  object space 101888K, 14% used [0x00000000a0000000,0x00000000a0e8c200,0x00000000a6380000)
 Metaspace       used 43415K, capacity 44384K, committed 44632K, reserved 1087488K
  class space    used 5938K, capacity 6189K, committed 6272K, reserved 1048576K
GC Heap History (10 events):
Event: 15.592 GC heap before
{Heap before GC invocations=9 (full 1):
 PSYoungGen      total 57344K, used 53713K [0x00000000e0000000, 0x00000000e5300000, 0x0000000100000000)
  eden space 46592K, 100% used [0x00000000e0000000,0x00000000e2d80000,0x00000000e2d80000)
  from space 10752K, 66% used [0x00000000e2d80000,0x00000000e3474500,0x00000000e3800000)
  to   space 10240K, 0% used [0x00000000e4900000,0x00000000e4900000,0x00000000e5300000)
 ParOldGen       total 69120K, used 9476K [0x00000000a0000000, 0x00000000a4380000, 0x00000000e0000000)
  object space 69120K, 13% used [0x00000000a0000000,0x00000000a0941038,0x00000000a4380000)
 Metaspace       used 33314K, capacity 34012K, committed 34304K, reserved 1079296K
  class space    used 4589K, capacity 4768K, committed 4864K, reserved 1048576K
Event: 15.601 GC heap after
Heap after GC invocations=9 (full 1):
 PSYoungGen      total 73216K, used 9555K [0x00000000e0000000, 0x00000000e5380000, 0x0000000100000000)
  eden space 62976K, 0% used [0x00000000e0000000,0x00000000e0000000,0x00000000e3d80000)
  from space 10240K, 93% used [0x00000000e4900000,0x00000000e5254d30,0x00000000e5300000)
  to   space 11264K, 0% used [0x00000000e3d80000,0x00000000e3d80000,0x00000000e4880000)
 ParOldGen       total 69120K, used 9548K [0x00000000a0000000, 0x00000000a4380000, 0x00000000e0000000)
  object space 69120K, 13% used [0x00000000a0000000,0x00000000a0953048,0x00000000a4380000)
 Metaspace       used 33314K, capacity 34012K, committed 34304K, reserved 1079296K
  class space    used 4589K, capacity 4768K, committed 4864K, reserved 1048576K
}
Event: 16.089 GC heap before
{Heap before GC invocations=10 (full 1):
 PSYoungGen      total 73216K, used 23724K [0x00000000e0000000, 0x00000000e5380000, 0x0000000100000000)
  eden space 62976K, 22% used [0x00000000e0000000,0x00000000e0dd64e0,0x00000000e3d80000)
  from space 10240K, 93% used [0x00000000e4900000,0x00000000e5254d30,0x00000000e5300000)
  to   space 11264K, 0% used [0x00000000e3d80000,0x00000000e3d80000,0x00000000e4880000)
 ParOldGen       total 69120K, used 9548K [0x00000000a0000000, 0x00000000a4380000, 0x00000000e0000000)
  object space 69120K, 13% used [0x00000000a0000000,0x00000000a0953048,0x00000000a4380000)
 Metaspace       used 34600K, capacity 35336K, committed 35416K, reserved 1079296K
  class space    used 4775K, capacity 4976K, committed 4992K, reserved 1048576K
Event: 16.096 GC heap after
Heap after GC invocations=10 (full 1):
 PSYoungGen      total 74240K, used 8396K [0x00000000e0000000, 0x00000000e6600000, 0x0000000100000000)
  eden space 62976K, 0% used [0x00000000e0000000,0x00000000e0000000,0x00000000e3d80000)
  from space 11264K, 74% used [0x00000000e3d80000,0x00000000e45b31c0,0x00000000e4880000)
  to   space 11776K, 0% used [0x00000000e5a80000,0x00000000e5a80000,0x00000000e6600000)
 ParOldGen       total 69120K, used 9556K [0x00000000a0000000, 0x00000000a4380000, 0x00000000e0000000)
  object space 69120K, 13% used [0x00000000a0000000,0x00000000a0955048,0x00000000a4380000)
 Metaspace       used 34600K, capacity 35336K, committed 35416K, reserved 1079296K
  class space    used 4775K, capacity 4976K, committed 4992K, reserved 1048576K
}
Event: 16.096 GC heap before
{Heap before GC invocations=11 (full 2):
 PSYoungGen      total 74240K, used 8396K [0x00000000e0000000, 0x00000000e6600000, 0x0000000100000000)
  eden space 62976K, 0% used [0x00000000e0000000,0x00000000e0000000,0x00000000e3d80000)
  from space 11264K, 74% used [0x00000000e3d80000,0x00000000e45b31c0,0x00000000e4880000)
  to   space 11776K, 0% used [0x00000000e5a80000,0x00000000e5a80000,0x00000000e6600000)
 ParOldGen       total 69120K, used 9556K [0x00000000a0000000, 0x00000000a4380000, 0x00000000e0000000)
  object space 69120K, 13% used [0x00000000a0000000,0x00000000a0955048,0x00000000a4380000)
 Metaspace       used 34600K, capacity 35336K, committed 35416K, reserved 1079296K
  class space    used 4775K, capacity 4976K, committed 4992K, reserved 1048576K
Event: 16.156 GC heap after
Heap after GC invocations=11 (full 2):
 PSYoungGen      total 74240K, used 0K [0x00000000e0000000, 0x00000000e6600000, 0x0000000100000000)
  eden space 62976K, 0% used [0x00000000e0000000,0x00000000e0000000,0x00000000e3d80000)
  from space 11264K, 0% used [0x00000000e3d80000,0x00000000e3d80000,0x00000000e4880000)
  to   space 11776K, 0% used [0x00000000e5a80000,0x00000000e5a80000,0x00000000e6600000)
 ParOldGen       total 101888K, used 14880K [0x00000000a0000000, 0x00000000a6380000, 0x00000000e0000000)
  object space 101888K, 14% used [0x00000000a0000000,0x00000000a0e88200,0x00000000a6380000)
 Metaspace       used 34600K, capacity 35336K, committed 35416K, reserved 1079296K
  class space    used 4775K, capacity 4976K, committed 4992K, reserved 1048576K
}
Event: 17.535 GC heap before
{Heap before GC invocations=12 (full 2):
 PSYoungGen      total 74240K, used 62976K [0x00000000e0000000, 0x00000000e6600000, 0x0000000100000000)
  eden space 62976K, 100% used [0x00000000e0000000,0x00000000e3d80000,0x00000000e3d80000)
  from space 11264K, 0% used [0x00000000e3d80000,0x00000000e3d80000,0x00000000e4880000)
  to   space 11776K, 0% used [0x00000000e5a80000,0x00000000e5a80000,0x00000000e6600000)
 ParOldGen       total 101888K, used 14880K [0x00000000a0000000, 0x00000000a6380000, 0x00000000e0000000)
  object space 101888K, 14% used [0x00000000a0000000,0x00000000a0e88200,0x00000000a6380000)
 Metaspace       used 37908K, capacity 38706K, committed 39000K, reserved 1083392K
  class space    used 5184K, capacity 5426K, committed 5504K, reserved 1048576K
Event: 17.540 GC heap after
Heap after GC invocations=12 (full 2):
 PSYoungGen      total 89600K, used 6598K [0x00000000e0000000, 0x00000000e6400000, 0x0000000100000000)
  eden space 79872K, 0% used [0x00000000e0000000,0x00000000e0000000,0x00000000e4e00000)
  from space 9728K, 67% used [0x00000000e5a80000,0x00000000e60f1890,0x00000000e6400000)
  to   space 11264K, 0% used [0x00000000e4e00000,0x00000000e4e00000,0x00000000e5900000)
 ParOldGen       total 101888K, used 14888K [0x00000000a0000000, 0x00000000a6380000, 0x00000000e0000000)
  object space 101888K, 14% used [0x00000000a0000000,0x00000000a0e8a200,0x00000000a6380000)
 Metaspace       used 37908K, capacity 38706K, committed 39000K, reserved 1083392K
  class space    used 5184K, capacity 5426K, committed 5504K, reserved 1048576K
}
Event: 29.215 GC heap before
{Heap before GC invocations=13 (full 2):
 PSYoungGen      total 89600K, used 86470K [0x00000000e0000000, 0x00000000e6400000, 0x0000000100000000)
  eden space 79872K, 100% used [0x00000000e0000000,0x00000000e4e00000,0x00000000e4e00000)
  from space 9728K, 67% used [0x00000000e5a80000,0x00000000e60f1890,0x00000000e6400000)
  to   space 11264K, 0% used [0x00000000e4e00000,0x00000000e4e00000,0x00000000e5900000)
 ParOldGen       total 101888K, used 14888K [0x00000000a0000000, 0x00000000a6380000, 0x00000000e0000000)
  object space 101888K, 14% used [0x00000000a0000000,0x00000000a0e8a200,0x00000000a6380000)
 Metaspace       used 42921K, capacity 43792K, committed 43992K, reserved 1087488K
  class space    used 5902K, capacity 6133K, committed 6144K, reserved 1048576K
Event: 29.221 GC heap after
Heap after GC invocations=13 (full 2):
 PSYoungGen      total 91136K, used 8869K [0x00000000e0000000, 0x00000000e7600000, 0x0000000100000000)
  eden space 79872K, 0% used [0x00000000e0000000,0x00000000e0000000,0x00000000e4e00000)
  from space 11264K, 78% used [0x00000000e4e00000,0x00000000e56a95d0,0x00000000e5900000)
  to   space 11264K, 0% used [0x00000000e6b00000,0x00000000e6b00000,0x00000000e7600000)
 ParOldGen       total 101888K, used 14896K [0x00000000a0000000, 0x00000000a6380000, 0x00000000e0000000)
  object space 101888K, 14% used [0x00000000a0000000,0x00000000a0e8c200,0x00000000a6380000)
 Metaspace       used 42921K, capacity 43792K, committed 43992K, reserved 1087488K
  class space    used 5902K, capacity 6133K, committed 6144K, reserved 1048576K
}

