# JRE version: Java(TM) SE Runtime Environment (8.0_121-b13) (build 1.8.0_121-b13)
# Java VM: Java HotSpot(TM) 64-Bit Server VM (25.121-b13 mixed mode windows-amd64 compressed oops)
Heap:
 PSYoungGen      total 274432K, used 172468K [0x00000000e0000000, 0x00000000f6700000, 0x0000000100000000)
  eden space 244224K, 58% used [0x00000000e0000000,0x00000000e8aeda58,0x00000000eee80000)
  from space 30208K, 99% used [0x00000000eee80000,0x00000000f0bff830,0x00000000f0c00000)
  to   space 40448K, 0% used [0x00000000f3f80000,0x00000000f3f80000,0x00000000f6700000)
 ParOldGen       total 95744K, used 61955K [0x00000000a0000000, 0x00000000a5d80000, 0x00000000e0000000)
  object space 95744K, 64% used [0x00000000a0000000,0x00000000a3c80d08,0x00000000a5d80000)
 Metaspace       used 54260K, capacity 55874K, committed 56064K, reserved 1097728K
  class space    used 7243K, capacity 7591K, committed 7680K, reserved 1048576K
GC Heap History (10 events):
Event: 25.508 GC heap before
{Heap before GC invocations=9 (full 2):
 PSYoungGen      total 152064K, used 138240K [0x00000000e0000000, 0x00000000ee480000, 0x0000000100000000)
  eden space 138240K, 100% used [0x00000000e0000000,0x00000000e8700000,0x00000000e8700000)
  from space 13824K, 0% used [0x00000000e9400000,0x00000000e9400000,0x00000000ea180000)
  to   space 13312K, 0% used [0x00000000e8700000,0x00000000e8700000,0x00000000e9400000)
 ParOldGen       total 95744K, used 17617K [0x00000000a0000000, 0x00000000a5d80000, 0x00000000e0000000)
  object space 95744K, 18% used [0x00000000a0000000,0x00000000a1134428,0x00000000a5d80000)
 Metaspace       used 42400K, capacity 43164K, committed 43392K, reserved 1087488K
  class space    used 5792K, capacity 6010K, committed 6016K, reserved 1048576K
Event: 25.516 GC heap after
Heap after GC invocations=9 (full 2):
 PSYoungGen      total 151552K, used 10159K [0x00000000e0000000, 0x00000000eeb00000, 0x0000000100000000)
  eden space 138240K, 0% used [0x00000000e0000000,0x00000000e0000000,0x00000000e8700000)
  from space 13312K, 76% used [0x00000000e8700000,0x00000000e90ebc50,0x00000000e9400000)
  to   space 13824K, 0% used [0x00000000edd80000,0x00000000edd80000,0x00000000eeb00000)
 ParOldGen       total 95744K, used 17625K [0x00000000a0000000, 0x00000000a5d80000, 0x00000000e0000000)
  object space 95744K, 18% used [0x00000000a0000000,0x00000000a1136428,0x00000000a5d80000)
 Metaspace       used 42400K, capacity 43164K, committed 43392K, reserved 1087488K
  class space    used 5792K, capacity 6010K, committed 6016K, reserved 1048576K
}
Event: 43.265 GC heap before
{Heap before GC invocations=10 (full 2):
 PSYoungGen      total 151552K, used 148399K [0x00000000e0000000, 0x00000000eeb00000, 0x0000000100000000)
  eden space 138240K, 100% used [0x00000000e0000000,0x00000000e8700000,0x00000000e8700000)
  from space 13312K, 76% used [0x00000000e8700000,0x00000000e90ebc50,0x00000000e9400000)
  to   space 13824K, 0% used [0x00000000edd80000,0x00000000edd80000,0x00000000eeb00000)
 ParOldGen       total 95744K, used 17625K [0x00000000a0000000, 0x00000000a5d80000, 0x00000000e0000000)
  object space 95744K, 18% used [0x00000000a0000000,0x00000000a1136428,0x00000000a5d80000)
 Metaspace       used 44178K, capacity 45066K, committed 45184K, reserved 1087488K
  class space    used 5986K, capacity 6231K, committed 6272K, reserved 1048576K
Event: 43.273 GC heap after
Heap after GC invocations=10 (full 2):
 PSYoungGen      total 215552K, used 11947K [0x00000000e0000000, 0x00000000ee980000, 0x0000000100000000)
  eden space 203264K, 0% used [0x00000000e0000000,0x00000000e0000000,0x00000000ec680000)
  from space 12288K, 97% used [0x00000000edd80000,0x00000000ee92ad68,0x00000000ee980000)
  to   space 14848K, 0% used [0x00000000ecc80000,0x00000000ecc80000,0x00000000edb00000)
 ParOldGen       total 95744K, used 17633K [0x00000000a0000000, 0x00000000a5d80000, 0x00000000e0000000)
  object space 95744K, 18% used [0x00000000a0000000,0x00000000a1138428,0x00000000a5d80000)
 Metaspace       used 44178K, capacity 45066K, committed 45184K, reserved 1087488K
  class space    used 5986K, capacity 6231K, committed 6272K, reserved 1048576K
}
Event: 75.983 GC heap before
{Heap before GC invocations=11 (full 2):
 PSYoungGen      total 215552K, used 215211K [0x00000000e0000000, 0x00000000ee980000, 0x0000000100000000)
  eden space 203264K, 100% used [0x00000000e0000000,0x00000000ec680000,0x00000000ec680000)
  from space 12288K, 97% used [0x00000000edd80000,0x00000000ee92ad68,0x00000000ee980000)
  to   space 14848K, 0% used [0x00000000ecc80000,0x00000000ecc80000,0x00000000edb00000)
 ParOldGen       total 95744K, used 17633K [0x00000000a0000000, 0x00000000a5d80000, 0x00000000e0000000)
  object space 95744K, 18% used [0x00000000a0000000,0x00000000a1138428,0x00000000a5d80000)
 Metaspace       used 51701K, capacity 53170K, committed 53504K, reserved 1095680K
  class space    used 7004K, capacity 7309K, committed 7424K, reserved 1048576K
Event: 76.002 GC heap after
Heap after GC invocations=11 (full 2):
 PSYoungGen      total 224256K, used 14846K [0x00000000e0000000, 0x00000000f2100000, 0x0000000100000000)
  eden space 209408K, 0% used [0x00000000e0000000,0x00000000e0000000,0x00000000ecc80000)
  from space 14848K, 99% used [0x00000000ecc80000,0x00000000edaffa88,0x00000000edb00000)
  to   space 21504K, 0% used [0x00000000f0c00000,0x00000000f0c00000,0x00000000f2100000)
 ParOldGen       total 95744K, used 29851K [0x00000000a0000000, 0x00000000a5d80000, 0x00000000e0000000)
  object space 95744K, 31% used [0x00000000a0000000,0x00000000a1d26e98,0x00000000a5d80000)
 Metaspace       used 51701K, capacity 53170K, committed 53504K, reserved 1095680K
  class space    used 7004K, capacity 7309K, committed 7424K, reserved 1048576K
}
Event: 99.144 GC heap before
{Heap before GC invocations=12 (full 2):
 PSYoungGen      total 224256K, used 224254K [0x00000000e0000000, 0x00000000f2100000, 0x0000000100000000)
  eden space 209408K, 100% used [0x00000000e0000000,0x00000000ecc80000,0x00000000ecc80000)
  from space 14848K, 99% used [0x00000000ecc80000,0x00000000edaffa88,0x00000000edb00000)
  to   space 21504K, 0% used [0x00000000f0c00000,0x00000000f0c00000,0x00000000f2100000)
 ParOldGen       total 95744K, used 29851K [0x00000000a0000000, 0x00000000a5d80000, 0x00000000e0000000)
  object space 95744K, 31% used [0x00000000a0000000,0x00000000a1d26e98,0x00000000a5d80000)
 Metaspace       used 52324K, capacity 53900K, committed 54016K, reserved 1095680K
  class space    used 7053K, capacity 7376K, committed 7424K, reserved 1048576K
Event: 99.168 GC heap after
Heap after GC invocations=12 (full 2):
 PSYoungGen      total 265728K, used 21483K [0x00000000e0000000, 0x00000000f3200000, 0x0000000100000000)
  eden space 244224K, 0% used [0x00000000e0000000,0x00000000e0000000,0x00000000eee80000)
  from space 21504K, 99% used [0x00000000f0c00000,0x00000000f20fadf8,0x00000000f2100000)
  to   space 30208K, 0% used [0x00000000eee80000,0x00000000eee80000,0x00000000f0c00000)
 ParOldGen       total 95744K, used 46162K [0x00000000a0000000, 0x00000000a5d80000, 0x00000000e0000000)
  object space 95744K, 48% used [0x00000000a0000000,0x00000000a2d14910,0x00000000a5d80000)
 Metaspace       used 52324K, capacity 53900K, committed 54016K, reserved 1095680K
  class space    used 7053K, capacity 7376K, committed 7424K, reserved 1048576K
}
Event: 163.759 GC heap before
{Heap before GC invocations=13 (full 2):
 PSYoungGen      total 265728K, used 265707K [0x00000000e0000000, 0x00000000f3200000, 0x0000000100000000)
  eden space 244224K, 100% used [0x00000000e0000000,0x00000000eee80000,0x00000000eee80000)
  from space 21504K, 99% used [0x00000000f0c00000,0x00000000f20fadf8,0x00000000f2100000)
  to   space 30208K, 0% used [0x00000000eee80000,0x00000000eee80000,0x00000000f0c00000)
 ParOldGen       total 95744K, used 46162K [0x00000000a0000000, 0x00000000a5d80000, 0x00000000e0000000)
  object space 95744K, 48% used [0x00000000a0000000,0x00000000a2d14910,0x00000000a5d80000)
 Metaspace       used 54118K, capacity 55730K, committed 56064K, reserved 1097728K
  class space    used 7235K, capacity 7589K, committed 7680K, reserved 1048576K
Event: 163.791 GC heap after
Heap after GC invocations=13 (full 2):
 PSYoungGen      total 274432K, used 30206K [0x00000000e0000000, 0x00000000f6700000, 0x0000000100000000)
  eden space 244224K, 0% used [0x00000000e0000000,0x00000000e0000000,0x00000000eee80000)
  from space 30208K, 99% used [0x00000000eee80000,0x00000000f0bff830,0x00000000f0c00000)
  to   space 40448K, 0% used [0x00000000f3f80000,0x00000000f3f80000,0x00000000f6700000)
 ParOldGen       total 95744K, used 61955K [0x00000000a0000000, 0x00000000a5d80000, 0x00000000e0000000)
  object space 95744K, 64% used [0x00000000a0000000,0x00000000a3c80d08,0x00000000a5d80000)
 Metaspace       used 54118K, capacity 55730K, committed 56064K, reserved 1097728K
  class space    used 7235K, capacity 7589K, committed 7680K, reserved 1048576K
}

