# JRE version: Java(TM) SE Runtime Environment (8.0_121-b13) (build 1.8.0_121-b13)
# Java VM: Java HotSpot(TM) 64-Bit Server VM (25.121-b13 mixed mode windows-amd64 compressed oops)
Heap:
 PSYoungGen      total 249344K, used 67389K [0x00000000e0000000, 0x00000000f1a80000, 0x0000000100000000)
  eden space 211456K, 20% used [0x00000000e0000000,0x00000000e2a9c5e0,0x00000000ece80000)
  from space 37888K, 62% used [0x00000000ef580000,0x00000000f0cb3188,0x00000000f1a80000)
  to   space 38912K, 0% used [0x00000000ece80000,0x00000000ece80000,0x00000000ef480000)
 ParOldGen       total 157184K, used 78928K [0x00000000a0000000, 0x00000000a9980000, 0x00000000e0000000)
  object space 157184K, 50% used [0x00000000a0000000,0x00000000a4d142d8,0x00000000a9980000)
 Metaspace       used 66690K, capacity 68886K, committed 69208K, reserved 1110016K
  class space    used 8538K, capacity 8935K, committed 9048K, reserved 1048576K
GC Heap History (10 events):
Event: 304.211 GC heap before
{Heap before GC invocations=17 (full 3):
 PSYoungGen      total 160256K, used 142336K [0x00000000e0000000, 0x00000000ebb00000, 0x0000000100000000)
  eden space 142336K, 100% used [0x00000000e0000000,0x00000000e8b00000,0x00000000e8b00000)
  from space 17920K, 0% used [0x00000000e8f80000,0x00000000e8f80000,0x00000000ea100000)
  to   space 24576K, 0% used [0x00000000ea300000,0x00000000ea300000,0x00000000ebb00000)
 ParOldGen       total 157184K, used 35252K [0x00000000a0000000, 0x00000000a9980000, 0x00000000e0000000)
  object space 157184K, 22% used [0x00000000a0000000,0x00000000a226d0d8,0x00000000a9980000)
 Metaspace       used 61524K, capacity 63486K, committed 63704K, reserved 1103872K
  class space    used 8032K, capacity 8382K, committed 8408K, reserved 1048576K
Event: 304.236 GC heap after
Heap after GC invocations=17 (full 3):
 PSYoungGen      total 160256K, used 24564K [0x00000000e0000000, 0x00000000ed980000, 0x0000000100000000)
  eden space 135680K, 0% used [0x00000000e0000000,0x00000000e0000000,0x00000000e8480000)
  from space 24576K, 99% used [0x00000000ea300000,0x00000000ebafd2d8,0x00000000ebb00000)
  to   space 31232K, 0% used [0x00000000e8480000,0x00000000e8480000,0x00000000ea300000)
 ParOldGen       total 157184K, used 43626K [0x00000000a0000000, 0x00000000a9980000, 0x00000000e0000000)
  object space 157184K, 27% used [0x00000000a0000000,0x00000000a2a9a8f8,0x00000000a9980000)
 Metaspace       used 61524K, capacity 63486K, committed 63704K, reserved 1103872K
  class space    used 8032K, capacity 8382K, committed 8408K, reserved 1048576K
}
Event: 306.286 GC heap before
{Heap before GC invocations=18 (full 3):
 PSYoungGen      total 160256K, used 159391K [0x00000000e0000000, 0x00000000ed980000, 0x0000000100000000)
  eden space 135680K, 99% used [0x00000000e0000000,0x00000000e83aac00,0x00000000e8480000)
  from space 24576K, 99% used [0x00000000ea300000,0x00000000ebafd2d8,0x00000000ebb00000)
  to   space 31232K, 0% used [0x00000000e8480000,0x00000000e8480000,0x00000000ea300000)
 ParOldGen       total 157184K, used 43626K [0x00000000a0000000, 0x00000000a9980000, 0x00000000e0000000)
  object space 157184K, 27% used [0x00000000a0000000,0x00000000a2a9a8f8,0x00000000a9980000)
 Metaspace       used 62424K, capacity 64508K, committed 64600K, reserved 1105920K
  class space    used 8155K, capacity 8529K, committed 8536K, reserved 1048576K
Event: 306.306 GC heap after
Heap after GC invocations=18 (full 3):
 PSYoungGen      total 166912K, used 31216K [0x00000000e0000000, 0x00000000ee500000, 0x0000000100000000)
  eden space 135680K, 0% used [0x00000000e0000000,0x00000000e0000000,0x00000000e8480000)
  from space 31232K, 99% used [0x00000000e8480000,0x00000000ea2fc2a0,0x00000000ea300000)
  to   space 37376K, 0% used [0x00000000ec080000,0x00000000ec080000,0x00000000ee500000)
 ParOldGen       total 157184K, used 48518K [0x00000000a0000000, 0x00000000a9980000, 0x00000000e0000000)
  object space 157184K, 30% used [0x00000000a0000000,0x00000000a2f61ae0,0x00000000a9980000)
 Metaspace       used 62424K, capacity 64508K, committed 64600K, reserved 1105920K
  class space    used 8155K, capacity 8529K, committed 8536K, reserved 1048576K
}
Event: 306.325 GC heap before
{Heap before GC invocations=19 (full 3):
 PSYoungGen      total 166912K, used 166379K [0x00000000e0000000, 0x00000000ee500000, 0x0000000100000000)
  eden space 135680K, 99% used [0x00000000e0000000,0x00000000e83fea88,0x00000000e8480000)
  from space 31232K, 99% used [0x00000000e8480000,0x00000000ea2fc2a0,0x00000000ea300000)
  to   space 37376K, 0% used [0x00000000ec080000,0x00000000ec080000,0x00000000ee500000)
 ParOldGen       total 157184K, used 48518K [0x00000000a0000000, 0x00000000a9980000, 0x00000000e0000000)
  object space 157184K, 30% used [0x00000000a0000000,0x00000000a2f61ae0,0x00000000a9980000)
 Metaspace       used 62425K, capacity 64508K, committed 64600K, reserved 1105920K
  class space    used 8155K, capacity 8529K, committed 8536K, reserved 1048576K
Event: 306.342 GC heap after
Heap after GC invocations=19 (full 3):
 PSYoungGen      total 193536K, used 31197K [0x00000000e0000000, 0x00000000f1e00000, 0x0000000100000000)
  eden space 156160K, 0% used [0x00000000e0000000,0x00000000e0000000,0x00000000e9880000)
  from space 37376K, 83% used [0x00000000ec080000,0x00000000edef7498,0x00000000ee500000)
  to   space 40960K, 0% used [0x00000000e9880000,0x00000000e9880000,0x00000000ec080000)
 ParOldGen       total 157184K, used 48526K [0x00000000a0000000, 0x00000000a9980000, 0x00000000e0000000)
  object space 157184K, 30% used [0x00000000a0000000,0x00000000a2f63ae0,0x00000000a9980000)
 Metaspace       used 62425K, capacity 64508K, committed 64600K, reserved 1105920K
  class space    used 8155K, capacity 8529K, committed 8536K, reserved 1048576K
}
Event: 320.185 GC heap before
{Heap before GC invocations=20 (full 3):
 PSYoungGen      total 193536K, used 187357K [0x00000000e0000000, 0x00000000f1e00000, 0x0000000100000000)
  eden space 156160K, 100% used [0x00000000e0000000,0x00000000e9880000,0x00000000e9880000)
  from space 37376K, 83% used [0x00000000ec080000,0x00000000edef7498,0x00000000ee500000)
  to   space 40960K, 0% used [0x00000000e9880000,0x00000000e9880000,0x00000000ec080000)
 ParOldGen       total 157184K, used 48526K [0x00000000a0000000, 0x00000000a9980000, 0x00000000e0000000)
  object space 157184K, 30% used [0x00000000a0000000,0x00000000a2f63ae0,0x00000000a9980000)
 Metaspace       used 65909K, capacity 68150K, committed 68312K, reserved 1107968K
  class space    used 8510K, capacity 8903K, committed 8920K, reserved 1048576K
Event: 320.206 GC heap after
Heap after GC invocations=20 (full 3):
 PSYoungGen      total 197120K, used 16452K [0x00000000e0000000, 0x00000000f1b80000, 0x0000000100000000)
  eden space 156160K, 0% used [0x00000000e0000000,0x00000000e0000000,0x00000000e9880000)
  from space 40960K, 40% used [0x00000000e9880000,0x00000000ea8911f0,0x00000000ec080000)
  to   space 38912K, 0% used [0x00000000ef580000,0x00000000ef580000,0x00000000f1b80000)
 ParOldGen       total 157184K, used 72044K [0x00000000a0000000, 0x00000000a9980000, 0x00000000e0000000)
  object space 157184K, 45% used [0x00000000a0000000,0x00000000a465b298,0x00000000a9980000)
 Metaspace       used 65909K, capacity 68150K, committed 68312K, reserved 1107968K
  class space    used 8510K, capacity 8903K, committed 8920K, reserved 1048576K
}
Event: 321.003 GC heap before
{Heap before GC invocations=21 (full 3):
 PSYoungGen      total 197120K, used 172612K [0x00000000e0000000, 0x00000000f1b80000, 0x0000000100000000)
  eden space 156160K, 100% used [0x00000000e0000000,0x00000000e9880000,0x00000000e9880000)
  from space 40960K, 40% used [0x00000000e9880000,0x00000000ea8911f0,0x00000000ec080000)
  to   space 38912K, 0% used [0x00000000ef580000,0x00000000ef580000,0x00000000f1b80000)
 ParOldGen       total 157184K, used 72044K [0x00000000a0000000, 0x00000000a9980000, 0x00000000e0000000)
  object space 157184K, 45% used [0x00000000a0000000,0x00000000a465b298,0x00000000a9980000)
 Metaspace       used 66488K, capacity 68694K, committed 68952K, reserved 1110016K
  class space    used 8535K, capacity 8935K, committed 9048K, reserved 1048576K
Event: 321.025 GC heap after
Heap after GC invocations=21 (full 3):
 PSYoungGen      total 249344K, used 23756K [0x00000000e0000000, 0x00000000f1a80000, 0x0000000100000000)
  eden space 211456K, 0% used [0x00000000e0000000,0x00000000e0000000,0x00000000ece80000)
  from space 37888K, 62% used [0x00000000ef580000,0x00000000f0cb3188,0x00000000f1a80000)
  to   space 38912K, 0% used [0x00000000ece80000,0x00000000ece80000,0x00000000ef480000)
 ParOldGen       total 157184K, used 78928K [0x00000000a0000000, 0x00000000a9980000, 0x00000000e0000000)
  object space 157184K, 50% used [0x00000000a0000000,0x00000000a4d142d8,0x00000000a9980000)
 Metaspace       used 66488K, capacity 68694K, committed 68952K, reserved 1110016K
  class space    used 8535K, capacity 8935K, committed 9048K, reserved 1048576K
}

