# JRE version: Java(TM) SE Runtime Environment (8.0_121-b13) (build 1.8.0_121-b13)
# Java VM: Java HotSpot(TM) 64-Bit Server VM (25.121-b13 mixed mode windows-amd64 compressed oops)
Heap:
 PSYoungGen      total 144384K, used 88720K [0x00000000e0000000, 0x00000000eaa00000, 0x0000000100000000)
  eden space 123392K, 54% used [0x00000000e0000000,0x00000000e4229e50,0x00000000e7880000)
  from space 20992K, 99% used [0x00000000e9100000,0x00000000ea57a308,0x00000000ea580000)
  to   space 25088K, 0% used [0x00000000e7880000,0x00000000e7880000,0x00000000e9100000)
 ParOldGen       total 101888K, used 33420K [0x00000000a0000000, 0x00000000a6380000, 0x00000000e0000000)
  object space 101888K, 32% used [0x00000000a0000000,0x00000000a20a31e0,0x00000000a6380000)
 Metaspace       used 54544K, capacity 56966K, committed 57176K, reserved 1097728K
  class space    used 7483K, capacity 7971K, committed 8064K, reserved 1048576K
GC Heap History (10 events):
Event: 16.925 GC heap before
{Heap before GC invocations=14 (full 2):
 PSYoungGen      total 82432K, used 78920K [0x00000000e0000000, 0x00000000e6f00000, 0x0000000100000000)
  eden space 71168K, 100% used [0x00000000e0000000,0x00000000e4580000,0x00000000e4580000)
  from space 11264K, 68% used [0x00000000e4580000,0x00000000e4d121d0,0x00000000e5080000)
  to   space 11264K, 0% used [0x00000000e6400000,0x00000000e6400000,0x00000000e6f00000)
 ParOldGen       total 101888K, used 15758K [0x00000000a0000000, 0x00000000a6380000, 0x00000000e0000000)
  object space 101888K, 15% used [0x00000000a0000000,0x00000000a0f63bb8,0x00000000a6380000)
 Metaspace       used 43224K, capacity 44120K, committed 44376K, reserved 1087488K
  class space    used 5908K, capacity 6145K, committed 6272K, reserved 1048576K
Event: 16.932 GC heap after
Heap after GC invocations=14 (full 2):
 PSYoungGen      total 99840K, used 10449K [0x00000000e0000000, 0x00000000e6e80000, 0x0000000100000000)
  eden space 89088K, 0% used [0x00000000e0000000,0x00000000e0000000,0x00000000e5700000)
  from space 10752K, 97% used [0x00000000e6400000,0x00000000e6e346f8,0x00000000e6e80000)
  to   space 11776K, 0% used [0x00000000e5780000,0x00000000e5780000,0x00000000e6300000)
 ParOldGen       total 101888K, used 15766K [0x00000000a0000000, 0x00000000a6380000, 0x00000000e0000000)
  object space 101888K, 15% used [0x00000000a0000000,0x00000000a0f65bb8,0x00000000a6380000)
 Metaspace       used 43224K, capacity 44120K, committed 44376K, reserved 1087488K
  class space    used 5908K, capacity 6145K, committed 6272K, reserved 1048576K
}
Event: 23.571 GC heap before
{Heap before GC invocations=15 (full 2):
 PSYoungGen      total 99840K, used 99537K [0x00000000e0000000, 0x00000000e6e80000, 0x0000000100000000)
  eden space 89088K, 100% used [0x00000000e0000000,0x00000000e5700000,0x00000000e5700000)
  from space 10752K, 97% used [0x00000000e6400000,0x00000000e6e346f8,0x00000000e6e80000)
  to   space 11776K, 0% used [0x00000000e5780000,0x00000000e5780000,0x00000000e6300000)
 ParOldGen       total 101888K, used 15766K [0x00000000a0000000, 0x00000000a6380000, 0x00000000e0000000)
  object space 101888K, 15% used [0x00000000a0000000,0x00000000a0f65bb8,0x00000000a6380000)
 Metaspace       used 43566K, capacity 44524K, committed 44632K, reserved 1087488K
  class space    used 5938K, capacity 6191K, committed 6272K, reserved 1048576K
Event: 23.578 GC heap after
Heap after GC invocations=15 (full 2):
 PSYoungGen      total 101376K, used 10197K [0x00000000e0000000, 0x00000000e8300000, 0x0000000100000000)
  eden space 89600K, 0% used [0x00000000e0000000,0x00000000e0000000,0x00000000e5780000)
  from space 11776K, 86% used [0x00000000e5780000,0x00000000e6175560,0x00000000e6300000)
  to   space 12800K, 0% used [0x00000000e7680000,0x00000000e7680000,0x00000000e8300000)
 ParOldGen       total 101888K, used 15774K [0x00000000a0000000, 0x00000000a6380000, 0x00000000e0000000)
  object space 101888K, 15% used [0x00000000a0000000,0x00000000a0f67bb8,0x00000000a6380000)
 Metaspace       used 43566K, capacity 44524K, committed 44632K, reserved 1087488K
  class space    used 5938K, capacity 6191K, committed 6272K, reserved 1048576K
}
Event: 30.702 GC heap before
{Heap before GC invocations=16 (full 2):
 PSYoungGen      total 101376K, used 99797K [0x00000000e0000000, 0x00000000e8300000, 0x0000000100000000)
  eden space 89600K, 100% used [0x00000000e0000000,0x00000000e5780000,0x00000000e5780000)
  from space 11776K, 86% used [0x00000000e5780000,0x00000000e6175560,0x00000000e6300000)
  to   space 12800K, 0% used [0x00000000e7680000,0x00000000e7680000,0x00000000e8300000)
 ParOldGen       total 101888K, used 15774K [0x00000000a0000000, 0x00000000a6380000, 0x00000000e0000000)
  object space 101888K, 15% used [0x00000000a0000000,0x00000000a0f67bb8,0x00000000a6380000)
 Metaspace       used 47565K, capacity 48984K, committed 49112K, reserved 1091584K
  class space    used 6510K, capacity 6839K, committed 6912K, reserved 1048576K
Event: 30.715 GC heap after
Heap after GC invocations=16 (full 2):
 PSYoungGen      total 118784K, used 12782K [0x00000000e0000000, 0x00000000e8600000, 0x0000000100000000)
  eden space 105984K, 0% used [0x00000000e0000000,0x00000000e0000000,0x00000000e6780000)
  from space 12800K, 99% used [0x00000000e7680000,0x00000000e82fbaa8,0x00000000e8300000)
  to   space 15360K, 0% used [0x00000000e6780000,0x00000000e6780000,0x00000000e7680000)
 ParOldGen       total 101888K, used 19520K [0x00000000a0000000, 0x00000000a6380000, 0x00000000e0000000)
  object space 101888K, 19% used [0x00000000a0000000,0x00000000a1310288,0x00000000a6380000)
 Metaspace       used 47565K, capacity 48984K, committed 49112K, reserved 1091584K
  class space    used 6510K, capacity 6839K, committed 6912K, reserved 1048576K
}
Event: 33.196 GC heap before
{Heap before GC invocations=17 (full 2):
 PSYoungGen      total 118784K, used 118766K [0x00000000e0000000, 0x00000000e8600000, 0x0000000100000000)
  eden space 105984K, 100% used [0x00000000e0000000,0x00000000e6780000,0x00000000e6780000)
  from space 12800K, 99% used [0x00000000e7680000,0x00000000e82fbaa8,0x00000000e8300000)
  to   space 15360K, 0% used [0x00000000e6780000,0x00000000e6780000,0x00000000e7680000)
 ParOldGen       total 101888K, used 19520K [0x00000000a0000000, 0x00000000a6380000, 0x00000000e0000000)
  object space 101888K, 19% used [0x00000000a0000000,0x00000000a1310288,0x00000000a6380000)
 Metaspace       used 51166K, capacity 52940K, committed 53080K, reserved 1095680K
  class space    used 7134K, capacity 7518K, committed 7552K, reserved 1048576K
Event: 33.217 GC heap after
Heap after GC invocations=17 (full 2):
 PSYoungGen      total 121344K, used 15355K [0x00000000e0000000, 0x00000000ea580000, 0x0000000100000000)
  eden space 105984K, 0% used [0x00000000e0000000,0x00000000e0000000,0x00000000e6780000)
  from space 15360K, 99% used [0x00000000e6780000,0x00000000e767ee18,0x00000000e7680000)
  to   space 20992K, 0% used [0x00000000e9100000,0x00000000e9100000,0x00000000ea580000)
 ParOldGen       total 101888K, used 29980K [0x00000000a0000000, 0x00000000a6380000, 0x00000000e0000000)
  object space 101888K, 29% used [0x00000000a0000000,0x00000000a1d47078,0x00000000a6380000)
 Metaspace       used 51166K, capacity 52940K, committed 53080K, reserved 1095680K
  class space    used 7134K, capacity 7518K, committed 7552K, reserved 1048576K
}
Event: 61.470 GC heap before
{Heap before GC invocations=18 (full 2):
 PSYoungGen      total 121344K, used 121339K [0x00000000e0000000, 0x00000000ea580000, 0x0000000100000000)
  eden space 105984K, 100% used [0x00000000e0000000,0x00000000e6780000,0x00000000e6780000)
  from space 15360K, 99% used [0x00000000e6780000,0x00000000e767ee18,0x00000000e7680000)
  to   space 20992K, 0% used [0x00000000e9100000,0x00000000e9100000,0x00000000ea580000)
 ParOldGen       total 101888K, used 29980K [0x00000000a0000000, 0x00000000a6380000, 0x00000000e0000000)
  object space 101888K, 29% used [0x00000000a0000000,0x00000000a1d47078,0x00000000a6380000)
 Metaspace       used 54290K, capacity 56610K, committed 56920K, reserved 1097728K
  class space    used 7481K, capacity 7967K, committed 8064K, reserved 1048576K
Event: 61.491 GC heap after
Heap after GC invocations=18 (full 2):
 PSYoungGen      total 144384K, used 20968K [0x00000000e0000000, 0x00000000eaa00000, 0x0000000100000000)
  eden space 123392K, 0% used [0x00000000e0000000,0x00000000e0000000,0x00000000e7880000)
  from space 20992K, 99% used [0x00000000e9100000,0x00000000ea57a308,0x00000000ea580000)
  to   space 25088K, 0% used [0x00000000e7880000,0x00000000e7880000,0x00000000e9100000)
 ParOldGen       total 101888K, used 33420K [0x00000000a0000000, 0x00000000a6380000, 0x00000000e0000000)
  object space 101888K, 32% used [0x00000000a0000000,0x00000000a20a31e0,0x00000000a6380000)
 Metaspace       used 54290K, capacity 56610K, committed 56920K, reserved 1097728K
  class space    used 7481K, capacity 7967K, committed 8064K, reserved 1048576K
}

