# JRE version: Java(TM) SE Runtime Environment (8.0_121-b13) (build 1.8.0_121-b13)
# Java VM: Java HotSpot(TM) 64-Bit Server VM (25.121-b13 mixed mode windows-amd64 compressed oops)
Heap:
 PSYoungGen      total 157184K, used 68936K [0x00000000e0000000, 0x00000000ebd00000, 0x0000000100000000)
  eden space 123904K, 36% used [0x00000000e0000000,0x00000000e2c22220,0x00000000e7900000)
  from space 33280K, 71% used [0x00000000e9c80000,0x00000000eb3b0030,0x00000000ebd00000)
  to   space 34816K, 0% used [0x00000000e7900000,0x00000000e7900000,0x00000000e9b00000)
 ParOldGen       total 161280K, used 49185K [0x00000000a0000000, 0x00000000a9d80000, 0x00000000e0000000)
  object space 161280K, 30% used [0x00000000a0000000,0x00000000a30086f8,0x00000000a9d80000)
 Metaspace       used 62929K, capacity 65684K, committed 65880K, reserved 1105920K
  class space    used 8460K, capacity 9016K, committed 9088K, reserved 1048576K
GC Heap History (10 events):
Event: 41.222 GC heap before
{Heap before GC invocations=19 (full 3):
 PSYoungGen      total 139776K, used 20461K [0x00000000e0000000, 0x00000000eac80000, 0x0000000100000000)
  eden space 119296K, 0% used [0x00000000e0000000,0x00000000e0000000,0x00000000e7480000)
  from space 20480K, 99% used [0x00000000e8d80000,0x00000000ea17b4f0,0x00000000ea180000)
  to   space 25600K, 0% used [0x00000000e7480000,0x00000000e7480000,0x00000000e8d80000)
 ParOldGen       total 100352K, used 32121K [0x00000000a0000000, 0x00000000a6200000, 0x00000000e0000000)
  object space 100352K, 32% used [0x00000000a0000000,0x00000000a1f5e690,0x00000000a6200000)
 Metaspace       used 56679K, capacity 58924K, committed 59028K, reserved 1099776K
  class space    used 7751K, capacity 8246K, committed 8320K, reserved 1048576K
Event: 41.471 GC heap after
Heap after GC invocations=19 (full 3):
 PSYoungGen      total 139776K, used 0K [0x00000000e0000000, 0x00000000eac80000, 0x0000000100000000)
  eden space 119296K, 0% used [0x00000000e0000000,0x00000000e0000000,0x00000000e7480000)
  from space 20480K, 0% used [0x00000000e8d80000,0x00000000e8d80000,0x00000000ea180000)
  to   space 25600K, 0% used [0x00000000e7480000,0x00000000e7480000,0x00000000e8d80000)
 ParOldGen       total 161280K, used 43521K [0x00000000a0000000, 0x00000000a9d80000, 0x00000000e0000000)
  object space 161280K, 26% used [0x00000000a0000000,0x00000000a2a80708,0x00000000a9d80000)
 Metaspace       used 56679K, capacity 58924K, committed 59028K, reserved 1099776K
  class space    used 7751K, capacity 8246K, committed 8320K, reserved 1048576K
}
Event: 44.471 GC heap before
{Heap before GC invocations=20 (full 3):
 PSYoungGen      total 139776K, used 119296K [0x00000000e0000000, 0x00000000eac80000, 0x0000000100000000)
  eden space 119296K, 100% used [0x00000000e0000000,0x00000000e7480000,0x00000000e7480000)
  from space 20480K, 0% used [0x00000000e8d80000,0x00000000e8d80000,0x00000000ea180000)
  to   space 25600K, 0% used [0x00000000e7480000,0x00000000e7480000,0x00000000e8d80000)
 ParOldGen       total 161280K, used 43521K [0x00000000a0000000, 0x00000000a9d80000, 0x00000000e0000000)
  object space 161280K, 26% used [0x00000000a0000000,0x00000000a2a80708,0x00000000a9d80000)
 Metaspace       used 57197K, capacity 59534K, committed 59736K, reserved 1101824K
  class space    used 7782K, capacity 8263K, committed 8320K, reserved 1048576K
Event: 44.475 GC heap after
Heap after GC invocations=20 (full 3):
 PSYoungGen      total 144896K, used 5472K [0x00000000e0000000, 0x00000000eb600000, 0x0000000100000000)
  eden space 119296K, 0% used [0x00000000e0000000,0x00000000e0000000,0x00000000e7480000)
  from space 25600K, 21% used [0x00000000e7480000,0x00000000e79d8000,0x00000000e8d80000)
  to   space 25088K, 0% used [0x00000000e9d80000,0x00000000e9d80000,0x00000000eb600000)
 ParOldGen       total 161280K, used 43529K [0x00000000a0000000, 0x00000000a9d80000, 0x00000000e0000000)
  object space 161280K, 26% used [0x00000000a0000000,0x00000000a2a82708,0x00000000a9d80000)
 Metaspace       used 57197K, capacity 59534K, committed 59736K, reserved 1101824K
  class space    used 7782K, capacity 8263K, committed 8320K, reserved 1048576K
}
Event: 52.412 GC heap before
{Heap before GC invocations=21 (full 3):
 PSYoungGen      total 144896K, used 124768K [0x00000000e0000000, 0x00000000eb600000, 0x0000000100000000)
  eden space 119296K, 100% used [0x00000000e0000000,0x00000000e7480000,0x00000000e7480000)
  from space 25600K, 21% used [0x00000000e7480000,0x00000000e79d8000,0x00000000e8d80000)
  to   space 25088K, 0% used [0x00000000e9d80000,0x00000000e9d80000,0x00000000eb600000)
 ParOldGen       total 161280K, used 43529K [0x00000000a0000000, 0x00000000a9d80000, 0x00000000e0000000)
  object space 161280K, 26% used [0x00000000a0000000,0x00000000a2a82708,0x00000000a9d80000)
 Metaspace       used 60410K, capacity 62820K, committed 62936K, reserved 1103872K
  class space    used 8178K, capacity 8676K, committed 8704K, reserved 1048576K
Event: 52.432 GC heap after
Heap after GC invocations=21 (full 3):
 PSYoungGen      total 155136K, used 25069K [0x00000000e0000000, 0x00000000ec080000, 0x0000000100000000)
  eden space 130048K, 0% used [0x00000000e0000000,0x00000000e0000000,0x00000000e7f00000)
  from space 25088K, 99% used [0x00000000e9d80000,0x00000000eb5fb560,0x00000000eb600000)
  to   space 31232K, 0% used [0x00000000e7f00000,0x00000000e7f00000,0x00000000e9d80000)
 ParOldGen       total 161280K, used 49169K [0x00000000a0000000, 0x00000000a9d80000, 0x00000000e0000000)
  object space 161280K, 30% used [0x00000000a0000000,0x00000000a30046f8,0x00000000a9d80000)
 Metaspace       used 60410K, capacity 62820K, committed 62936K, reserved 1103872K
  class space    used 8178K, capacity 8676K, committed 8704K, reserved 1048576K
}
Event: 1384.952 GC heap before
{Heap before GC invocations=22 (full 3):
 PSYoungGen      total 155136K, used 155117K [0x00000000e0000000, 0x00000000ec080000, 0x0000000100000000)
  eden space 130048K, 100% used [0x00000000e0000000,0x00000000e7f00000,0x00000000e7f00000)
  from space 25088K, 99% used [0x00000000e9d80000,0x00000000eb5fb560,0x00000000eb600000)
  to   space 31232K, 0% used [0x00000000e7f00000,0x00000000e7f00000,0x00000000e9d80000)
 ParOldGen       total 161280K, used 49169K [0x00000000a0000000, 0x00000000a9d80000, 0x00000000e0000000)
  object space 161280K, 30% used [0x00000000a0000000,0x00000000a30046f8,0x00000000a9d80000)
 Metaspace       used 61929K, capacity 64476K, committed 64728K, reserved 1105920K
  class space    used 8335K, capacity 8870K, committed 8960K, reserved 1048576K
Event: 1384.969 GC heap after
Heap after GC invocations=22 (full 3):
 PSYoungGen      total 150528K, used 23444K [0x00000000e0000000, 0x00000000ebd00000, 0x0000000100000000)
  eden space 126976K, 0% used [0x00000000e0000000,0x00000000e0000000,0x00000000e7c00000)
  from space 23552K, 99% used [0x00000000e7f00000,0x00000000e95e5288,0x00000000e9600000)
  to   space 33280K, 0% used [0x00000000e9c80000,0x00000000e9c80000,0x00000000ebd00000)
 ParOldGen       total 161280K, used 49177K [0x00000000a0000000, 0x00000000a9d80000, 0x00000000e0000000)
  object space 161280K, 30% used [0x00000000a0000000,0x00000000a30066f8,0x00000000a9d80000)
 Metaspace       used 61929K, capacity 64476K, committed 64728K, reserved 1105920K
  class space    used 8335K, capacity 8870K, committed 8960K, reserved 1048576K
}
Event: 1477.761 GC heap before
{Heap before GC invocations=23 (full 3):
 PSYoungGen      total 150528K, used 150420K [0x00000000e0000000, 0x00000000ebd00000, 0x0000000100000000)
  eden space 126976K, 100% used [0x00000000e0000000,0x00000000e7c00000,0x00000000e7c00000)
  from space 23552K, 99% used [0x00000000e7f00000,0x00000000e95e5288,0x00000000e9600000)
  to   space 33280K, 0% used [0x00000000e9c80000,0x00000000e9c80000,0x00000000ebd00000)
 ParOldGen       total 161280K, used 49177K [0x00000000a0000000, 0x00000000a9d80000, 0x00000000e0000000)
  object space 161280K, 30% used [0x00000000a0000000,0x00000000a30066f8,0x00000000a9d80000)
 Metaspace       used 62898K, capacity 65666K, committed 65880K, reserved 1105920K
  class space    used 8458K, capacity 9013K, committed 9088K, reserved 1048576K
Event: 1477.776 GC heap after
Heap after GC invocations=23 (full 3):
 PSYoungGen      total 157184K, used 23744K [0x00000000e0000000, 0x00000000ebd00000, 0x0000000100000000)
  eden space 123904K, 0% used [0x00000000e0000000,0x00000000e0000000,0x00000000e7900000)
  from space 33280K, 71% used [0x00000000e9c80000,0x00000000eb3b0030,0x00000000ebd00000)
  to   space 34816K, 0% used [0x00000000e7900000,0x00000000e7900000,0x00000000e9b00000)
 ParOldGen       total 161280K, used 49185K [0x00000000a0000000, 0x00000000a9d80000, 0x00000000e0000000)
  object space 161280K, 30% used [0x00000000a0000000,0x00000000a30086f8,0x00000000a9d80000)
 Metaspace       used 62898K, capacity 65666K, committed 65880K, reserved 1105920K
  class space    used 8458K, capacity 9013K, committed 9088K, reserved 1048576K
}

